<?xml version="1.0" encoding="UTF-8"?>
<!-- Generated by org.testng.reporters.JUnitXMLReporter -->
<testsuite hostname="INHYNJRAYALA01" ignored="0" name="Default test" tests="3" failures="0" timestamp="2021-04-28T12:12:26 IST" time="0.044" errors="0">
  <testcase name="test1" time="0.008" classname="test.TestNGRetryFailedDemo"/>
  <testcase name="test2" time="0.001" classname="test.TestNGRetryFailedDemo"/>
  <testcase name="test3" time="0.001" classname="test.TestNGRetryFailedDemo"/>
</testsuite> <!-- Default test -->
