<?xml version="1.0" encoding="UTF-8"?>
<!-- Generated by org.testng.reporters.JUnitXMLReporter -->
<testsuite hostname="INHYNJRAYALA01" ignored="0" name="TestGeethu" tests="6" failures="0" timestamp="2021-04-13T14:19:34 IST" time="27.769" errors="0">
  <testcase name="test1" time="0.006" classname="listeners.TestNGListenerDemo"/>
  <testcase name="test2" time="3.705" classname="listeners.TestNGListenerDemo"/>
  <testcase name="test3" time="0.001" classname="listeners.TestNGListenerDemo">
    <skipped/>
  </testcase> <!-- test3 -->
  <testcase name="test4" time="24.015" classname="listeners.TestNGListenerDemo2"/>
  <testcase name="test5" time="0.001" classname="listeners.TestNGListenerDemo2"/>
  <testcase name="test6" time="0.001" classname="listeners.TestNGListenerDemo2"/>
</testsuite> <!-- TestGeethu -->
