<?xml version="1.0" encoding="UTF-8"?>
<!-- Generated by org.testng.reporters.JUnitXMLReporter -->
<testsuite hostname="INHYNJRAYALA01" ignored="0" name="Test" tests="6" failures="1" timestamp="2021-04-13T14:04:16 IST" time="0.08" errors="0">
  <testcase name="test1" time="0.006" classname="listeners.TestNGListenerDemo"/>
  <testcase name="test2" time="0.036" classname="listeners.TestNGListenerDemo">
    <failure type="java.lang.AssertionError">
      <![CDATA[java.lang.AssertionError
at org.junit.Assert.fail(Assert.java:87)
at org.junit.Assert.assertTrue(Assert.java:42)
at org.junit.Assert.assertTrue(Assert.java:53)
at listeners.TestNGListenerDemo.test2(TestNGListenerDemo.java:20)
at java.util.ArrayList.forEach(ArrayList.java:1257)
... Removed 27 stack frames]]>
    </failure>
  </testcase> <!-- test2 -->
  <testcase name="test3" time="0.001" classname="listeners.TestNGListenerDemo">
    <skipped/>
  </testcase> <!-- test3 -->
  <testcase name="test4" time="0.0" classname="listeners.TestNGListenerDemo2"/>
  <testcase name="test5" time="0.001" classname="listeners.TestNGListenerDemo2"/>
  <testcase name="test6" time="0.001" classname="listeners.TestNGListenerDemo2"/>
</testsuite> <!-- Test -->
