<?xml version="1.0" encoding="UTF-8"?>
<testng-results skipped="0" failed="0" ignored="0" total="1" passed="1">
  <reporter-output>
  </reporter-output>
  <suite name="Default suite" duration-ms="10024" started-at="2021-07-28T12:03:07 IST" finished-at="2021-07-28T12:03:17 IST">
    <groups>
    </groups>
    <test name="Default test" duration-ms="10024" started-at="2021-07-28T12:03:07 IST" finished-at="2021-07-28T12:03:17 IST">
      <class name="test.TestNGDemo">
        <test-method status="PASS" signature="setUpTest()[pri:0, instance:test.TestNGDemo@7fc229ab]" name="setUpTest" is-config="true" duration-ms="5326" started-at="2021-07-28T12:03:07 IST" finished-at="2021-07-28T12:03:12 IST">
          <reporter-output>
          </reporter-output>
        </test-method> <!-- setUpTest -->
        <test-method status="PASS" signature="googleSearch()[pri:0, instance:test.TestNGDemo@7fc229ab]" name="googleSearch" duration-ms="3704" started-at="2021-07-28T12:03:12 IST" finished-at="2021-07-28T12:03:16 IST">
          <reporter-output>
          </reporter-output>
        </test-method> <!-- googleSearch -->
        <test-method status="PASS" signature="tearDownTest()[pri:0, instance:test.TestNGDemo@7fc229ab]" name="tearDownTest" is-config="true" duration-ms="967" started-at="2021-07-28T12:03:16 IST" finished-at="2021-07-28T12:03:17 IST">
          <reporter-output>
          </reporter-output>
        </test-method> <!-- tearDownTest -->
      </class> <!-- test.TestNGDemo -->
    </test> <!-- Default test -->
  </suite> <!-- Default suite -->
</testng-results>
