<?xml version="1.0" encoding="UTF-8"?>
<testng-results skipped="0" failed="0" ignored="0" total="3" passed="3">
  <reporter-output>
  </reporter-output>
  <suite name="Default suite" duration-ms="44" started-at="2021-04-28T12:12:26 IST" finished-at="2021-04-28T12:12:26 IST">
    <groups>
    </groups>
    <test name="Default test" duration-ms="44" started-at="2021-04-28T12:12:26 IST" finished-at="2021-04-28T12:12:26 IST">
      <class name="test.TestNGRetryFailedDemo">
        <test-method status="PASS" signature="test1()[pri:0, instance:test.TestNGRetryFailedDemo@5c1a8622]" name="test1" duration-ms="8" started-at="2021-04-28T12:12:26 IST" finished-at="2021-04-28T12:12:26 IST">
          <reporter-output>
          </reporter-output>
        </test-method> <!-- test1 -->
        <test-method status="PASS" signature="test2()[pri:0, instance:test.TestNGRetryFailedDemo@5c1a8622]" name="test2" duration-ms="1" started-at="2021-04-28T12:12:26 IST" finished-at="2021-04-28T12:12:26 IST">
          <reporter-output>
          </reporter-output>
        </test-method> <!-- test2 -->
        <test-method status="PASS" signature="test3()[pri:0, instance:test.TestNGRetryFailedDemo@5c1a8622]" name="test3" duration-ms="1" started-at="2021-04-28T12:12:26 IST" finished-at="2021-04-28T12:12:26 IST">
          <reporter-output>
          </reporter-output>
        </test-method> <!-- test3 -->
      </class> <!-- test.TestNGRetryFailedDemo -->
    </test> <!-- Default test -->
  </suite> <!-- Default suite -->
</testng-results>
