<?xml version="1.0" encoding="UTF-8"?>
<!-- Generated by org.testng.reporters.JUnitXMLReporter -->
<testsuite hostname="INHYNJRAYALA01" ignored="0" name="Test1" tests="3" failures="0" timestamp="2021-04-28T11:22:09 IST" time="0.038" errors="0">
  <testcase name="test" time="0.006" classname="test.TestNGParametersDemo"/>
  <testcase name="test2" time="0.001" classname="test.TestNGParametersDemo"/>
  <testcase name="test3" time="0.001" classname="test.TestNGParametersDemo"/>
</testsuite> <!-- Test1 -->
