<?xml version="1.0" encoding="UTF-8"?>
<!-- Generated by org.testng.reporters.JUnitXMLReporter -->
<testsuite hostname="INHYNJRAYALA01" ignored="0" name="Test3 on firefox" tests="1" failures="0" timestamp="2021-04-18T16:30:00 IST" time="0.237" errors="0">
  <testcase name="@BeforeTest setUp" time="0.144" classname="test.TestNGMultipleBrowserDemo">
    <failure type="java.lang.IllegalStateException" message="The path to the driver executable must be set by the webdriver.ie.driver system property; for more information, see https://github.com/SeleniumHQ/selenium/wiki/InternetExplorerDriver. The latest version can be downloaded from http://selenium-release.storage.googleapis.com/index.html">
      <![CDATA[java.lang.IllegalStateException: The path to the driver executable must be set by the webdriver.ie.driver system property; for more information, see https://github.com/SeleniumHQ/selenium/wiki/InternetExplorerDriver. The latest version can be downloaded from http://selenium-release.storage.googleapis.com/index.html
at com.google.common.base.Preconditions.checkState(Preconditions.java:847)
at org.openqa.selenium.remote.service.DriverService.findExecutable(DriverService.java:124)
at org.openqa.selenium.ie.InternetExplorerDriverService.access$000(InternetExplorerDriverService.java:32)
at org.openqa.selenium.ie.InternetExplorerDriverService$Builder.findDefaultExecutable(InternetExplorerDriverService.java:167)
at org.openqa.selenium.remote.service.DriverService$Builder.build(DriverService.java:339)
at org.openqa.selenium.ie.InternetExplorerDriver.setupService(InternetExplorerDriver.java:291)
at org.openqa.selenium.ie.InternetExplorerDriver.<init>(InternetExplorerDriver.java:213)
at org.openqa.selenium.ie.InternetExplorerDriver.<init>(InternetExplorerDriver.java:192)
at org.openqa.selenium.ie.InternetExplorerDriver.<init>(InternetExplorerDriver.java:164)
at test.TestNGMultipleBrowserDemo.setUp(TestNGMultipleBrowserDemo.java:41)
at java.util.concurrent.FutureTask.run(FutureTask.java:266)
at java.util.concurrent.ThreadPoolExecutor.runWorker(ThreadPoolExecutor.java:1149)
at java.util.concurrent.ThreadPoolExecutor$Worker.run(ThreadPoolExecutor.java:624)
at java.lang.Thread.run(Thread.java:748)
... Removed 15 stack frames]]>
    </failure>
  </testcase> <!-- @BeforeTest setUp -->
  <testcase name="@AfterTest tearDown" time="-1.618743600924E9" classname="test.TestNGMultipleBrowserDemo">
    <skipped/>
  </testcase> <!-- @AfterTest tearDown -->
  <testcase name="test" time="0.0" classname="test.TestNGMultipleBrowserDemo">
    <skipped/>
  </testcase> <!-- test -->
</testsuite> <!-- Test3 on firefox -->
