<?xml version="1.0" encoding="UTF-8"?>
<!-- Generated by org.testng.reporters.JUnitXMLReporter -->
<testsuite hostname="INHYNJRAYALA01" ignored="0" name="Test1" tests="4" failures="0" timestamp="2021-03-26T19:58:24 IST" time="135.748" errors="0">
  <testcase name="googleSearch" time="58.827" classname="test.TestNGDemo"/>
  <testcase name="googleSearch2" time="60.517" classname="test.TestNGDemo2"/>
  <testcase name="googleSearch3" time="18.36" classname="test.TestNGDemo2"/>
  <testcase name="WebToursLogin" time="94.281" classname="test.TestWebToursLogin2"/>
</testsuite> <!-- Test1 -->
